2019-05-05 17:47:17,953 INFO  [main] com.unieap.base.ApplicationEventListener : ============================================================================
2019-05-05 17:47:17,954 INFO  [main] com.unieap.base.ApplicationEventListener : ***                                                                      ***
2019-05-05 17:47:17,954 INFO  [main] com.unieap.base.ApplicationEventListener : ***                                                                      ***
2019-05-05 17:47:17,954 INFO  [main] com.unieap.base.ApplicationEventListener : ***           ApplicationEnvironmentPreparedEvent Done                   ***
2019-05-05 17:47:17,954 INFO  [main] com.unieap.base.ApplicationEventListener : ***                                                                      ***
2019-05-05 17:47:17,954 INFO  [main] com.unieap.base.ApplicationEventListener : ***                                                                      ***
2019-05-05 17:47:17,955 INFO  [main] com.unieap.base.ApplicationEventListener : ============================================================================
2019-05-05 17:47:17,978 INFO  [main] com.unieap.esb.UnieapEsbApplication : The following profiles are active: prod
2019-05-05 17:47:18,033 INFO  [main] com.unieap.base.ApplicationEventListener : ============================================================================
2019-05-05 17:47:18,033 INFO  [main] com.unieap.base.ApplicationEventListener : ***                                                                      ***
2019-05-05 17:47:18,033 INFO  [main] com.unieap.base.ApplicationEventListener : ***                                                                      ***
2019-05-05 17:47:18,033 INFO  [main] com.unieap.base.ApplicationEventListener : ***                  ApplicationPreparedEvent Done                       ***
2019-05-05 17:47:18,033 INFO  [main] com.unieap.base.ApplicationEventListener : ***                                                                      ***
2019-05-05 17:47:18,033 INFO  [main] com.unieap.base.ApplicationEventListener : ***                                                                      ***
2019-05-05 17:47:18,033 INFO  [main] com.unieap.base.ApplicationEventListener : ============================================================================
2019-05-05 17:47:55,445 INFO  [main] org.apache.catalina.core.StandardService : Starting service [Tomcat]
2019-05-05 17:47:55,446 INFO  [main] org.apache.catalina.core.StandardEngine : Starting Servlet Engine: Apache Tomcat/8.5.31
2019-05-05 17:47:55,460 INFO  [localhost-startStop-1] org.apache.catalina.core.AprLifecycleListener : The APR based Apache Tomcat Native library which allows optimal performance in production environments was not found on the java.library.path: [C:\Program Files\Java\jre1.8.0_161\bin;C:\WINDOWS\Sun\Java\bin;C:\WINDOWS\system32;C:\WINDOWS;C:/Program Files/Java/jdk1.8.0_73/bin/../jre/bin/server;C:/Program Files/Java/jdk1.8.0_73/bin/../jre/bin;C:/Program Files/Java/jdk1.8.0_73/bin/../jre/lib/amd64;";C:\Program Files\Java\jdk1.8.0_73\bin;C:\Program Files\Java\jdk1.8.0_73\jre\bin;";C:\ProgramData\Oracle\Java\javapath;C:\WINDOWS\system32;C:\WINDOWS;C:\WINDOWS\System32\Wbem;C:\WINDOWS\System32\WindowsPowerShell\v1.0\;C:\WINDOWS\System32\OpenSSH\;C:\Users\Thinkpad\AppData\Local\Microsoft\WindowsApps;;C:\Users\Thinkpad\AppData\Local\Programs\Fiddler;C:\Users\Thinkpad\Desktop;;.]
2019-05-05 17:47:56,040 INFO  [localhost-startStop-1] org.apache.catalina.core.ContainerBase.[Tomcat].[localhost].[/] : Initializing Spring embedded WebApplicationContext
2019-05-05 17:47:56,737 WARN  [localhost-startStop-1] com.netflix.config.sources.URLConfigurationSource : No URLs will be polled as dynamic configuration sources.
2019-05-05 17:47:56,737 INFO  [localhost-startStop-1] com.netflix.config.sources.URLConfigurationSource : To enable URLs as dynamic configuration sources, define System property archaius.configurationSource.additionalUrls or make config.properties available on classpath.
2019-05-05 17:47:56,757 INFO  [localhost-startStop-1] com.netflix.config.DynamicPropertyFactory : DynamicPropertyFactory is initialized with configuration sources: com.netflix.config.ConcurrentCompositeConfiguration@4ca14a70
2019-05-05 17:48:02,008 INFO  [main] com.zaxxer.hikari.HikariDataSource : HikariPool-1 - Starting...
2019-05-05 17:48:24,286 ERROR [main] com.zaxxer.hikari.pool.HikariPool : HikariPool-1 - Exception during pool initialization.
com.mysql.jdbc.exceptions.jdbc4.CommunicationsException: Communications link failure

The last packet sent successfully to the server was 0 milliseconds ago. The driver has not received any packets from the server.
	at sun.reflect.NativeConstructorAccessorImpl.newInstance0(Native Method) ~[na:1.8.0_161]
	at sun.reflect.NativeConstructorAccessorImpl.newInstance(Unknown Source) ~[na:1.8.0_161]
	at sun.reflect.DelegatingConstructorAccessorImpl.newInstance(Unknown Source) ~[na:1.8.0_161]
	at java.lang.reflect.Constructor.newInstance(Unknown Source) ~[na:1.8.0_161]
	at com.mysql.jdbc.Util.handleNewInstance(Util.java:425) ~[mysql-connector-java-5.1.46.jar:5.1.46]
	at com.mysql.jdbc.SQLError.createCommunicationsException(SQLError.java:990) ~[mysql-connector-java-5.1.46.jar:5.1.46]
	at com.mysql.jdbc.MysqlIO.<init>(MysqlIO.java:342) ~[mysql-connector-java-5.1.46.jar:5.1.46]
	at com.mysql.jdbc.ConnectionImpl.coreConnect(ConnectionImpl.java:2188) ~[mysql-connector-java-5.1.46.jar:5.1.46]
	at com.mysql.jdbc.ConnectionImpl.connectOneTryOnly(ConnectionImpl.java:2221) ~[mysql-connector-java-5.1.46.jar:5.1.46]
	at com.mysql.jdbc.ConnectionImpl.createNewIO(ConnectionImpl.java:2016) ~[mysql-connector-java-5.1.46.jar:5.1.46]
	at com.mysql.jdbc.ConnectionImpl.<init>(ConnectionImpl.java:776) ~[mysql-connector-java-5.1.46.jar:5.1.46]
	at com.mysql.jdbc.JDBC4Connection.<init>(JDBC4Connection.java:47) ~[mysql-connector-java-5.1.46.jar:5.1.46]
	at sun.reflect.NativeConstructorAccessorImpl.newInstance0(Native Method) ~[na:1.8.0_161]
	at sun.reflect.NativeConstructorAccessorImpl.newInstance(Unknown Source) ~[na:1.8.0_161]
	at sun.reflect.DelegatingConstructorAccessorImpl.newInstance(Unknown Source) ~[na:1.8.0_161]
	at java.lang.reflect.Constructor.newInstance(Unknown Source) ~[na:1.8.0_161]
	at com.mysql.jdbc.Util.handleNewInstance(Util.java:425) ~[mysql-connector-java-5.1.46.jar:5.1.46]
	at com.mysql.jdbc.ConnectionImpl.getInstance(ConnectionImpl.java:386) ~[mysql-connector-java-5.1.46.jar:5.1.46]
	at com.mysql.jdbc.NonRegisteringDriver.connect(NonRegisteringDriver.java:330) ~[mysql-connector-java-5.1.46.jar:5.1.46]
	at com.zaxxer.hikari.util.DriverDataSource.getConnection(DriverDataSource.java:117) ~[HikariCP-2.7.9.jar:na]
	at com.zaxxer.hikari.util.DriverDataSource.getConnection(DriverDataSource.java:123) ~[HikariCP-2.7.9.jar:na]
	at com.zaxxer.hikari.pool.PoolBase.newConnection(PoolBase.java:365) ~[HikariCP-2.7.9.jar:na]
	at com.zaxxer.hikari.pool.PoolBase.newPoolEntry(PoolBase.java:194) ~[HikariCP-2.7.9.jar:na]
	at com.zaxxer.hikari.pool.HikariPool.createPoolEntry(HikariPool.java:460) [HikariCP-2.7.9.jar:na]
	at com.zaxxer.hikari.pool.HikariPool.checkFailFast(HikariPool.java:534) [HikariCP-2.7.9.jar:na]
	at com.zaxxer.hikari.pool.HikariPool.<init>(HikariPool.java:115) [HikariCP-2.7.9.jar:na]
	at com.zaxxer.hikari.HikariDataSource.getConnection(HikariDataSource.java:112) [HikariCP-2.7.9.jar:na]
	at com.zaxxer.hikari.HikariDataSource$$FastClassBySpringCGLIB$$eeb1ae86.invoke(<generated>) [HikariCP-2.7.9.jar:na]
	at org.springframework.cglib.proxy.MethodProxy.invoke(MethodProxy.java:204) [spring-core-5.0.6.RELEASE.jar:5.0.6.RELEASE]
	at org.springframework.aop.framework.CglibAopProxy$CglibMethodInvocation.invokeJoinpoint(CglibAopProxy.java:746) [spring-aop-5.0.6.RELEASE.jar:5.0.6.RELEASE]
	at org.springframework.aop.framework.ReflectiveMethodInvocation.proceed(ReflectiveMethodInvocation.java:163) [spring-aop-5.0.6.RELEASE.jar:5.0.6.RELEASE]
	at org.springframework.aop.support.DelegatingIntroductionInterceptor.doProceed(DelegatingIntroductionInterceptor.java:136) [spring-aop-5.0.6.RELEASE.jar:5.0.6.RELEASE]
	at org.springframework.aop.support.DelegatingIntroductionInterceptor.invoke(DelegatingIntroductionInterceptor.java:124) [spring-aop-5.0.6.RELEASE.jar:5.0.6.RELEASE]
	at org.springframework.aop.framework.ReflectiveMethodInvocation.proceed(ReflectiveMethodInvocation.java:185) [spring-aop-5.0.6.RELEASE.jar:5.0.6.RELEASE]
	at org.springframework.aop.framework.CglibAopProxy$DynamicAdvisedInterceptor.intercept(CglibAopProxy.java:688) [spring-aop-5.0.6.RELEASE.jar:5.0.6.RELEASE]
	at com.zaxxer.hikari.HikariDataSource$$EnhancerBySpringCGLIB$$6f4c5bef.getConnection(<generated>) [HikariCP-2.7.9.jar:na]
	at org.hibernate.engine.jdbc.connections.internal.DatasourceConnectionProviderImpl.getConnection(DatasourceConnectionProviderImpl.java:122) [hibernate-core-5.2.17.Final.jar:5.2.17.Final]
	at org.hibernate.engine.jdbc.env.internal.JdbcEnvironmentInitiator$ConnectionProviderJdbcConnectionAccess.obtainConnection(JdbcEnvironmentInitiator.java:180) [hibernate-core-5.2.17.Final.jar:5.2.17.Final]
	at org.hibernate.engine.jdbc.env.internal.JdbcEnvironmentInitiator.initiateService(JdbcEnvironmentInitiator.java:68) [hibernate-core-5.2.17.Final.jar:5.2.17.Final]
	at org.hibernate.engine.jdbc.env.internal.JdbcEnvironmentInitiator.initiateService(JdbcEnvironmentInitiator.java:35) [hibernate-core-5.2.17.Final.jar:5.2.17.Final]
	at org.hibernate.boot.registry.internal.StandardServiceRegistryImpl.initiateService(StandardServiceRegistryImpl.java:88) [hibernate-core-5.2.17.Final.jar:5.2.17.Final]
	at org.hibernate.service.internal.AbstractServiceRegistryImpl.createService(AbstractServiceRegistryImpl.java:259) [hibernate-core-5.2.17.Final.jar:5.2.17.Final]
	at org.hibernate.service.internal.AbstractServiceRegistryImpl.initializeService(AbstractServiceRegistryImpl.java:233) [hibernate-core-5.2.17.Final.jar:5.2.17.Final]
	at org.hibernate.service.internal.AbstractServiceRegistryImpl.getService(AbstractServiceRegistryImpl.java:210) [hibernate-core-5.2.17.Final.jar:5.2.17.Final]
	at org.hibernate.engine.jdbc.internal.JdbcServicesImpl.configure(JdbcServicesImpl.java:51) [hibernate-core-5.2.17.Final.jar:5.2.17.Final]
	at org.hibernate.boot.registry.internal.StandardServiceRegistryImpl.configureService(StandardServiceRegistryImpl.java:94) [hibernate-core-5.2.17.Final.jar:5.2.17.Final]
	at org.hibernate.service.internal.AbstractServiceRegistryImpl.initializeService(AbstractServiceRegistryImpl.java:242) [hibernate-core-5.2.17.Final.jar:5.2.17.Final]
	at org.hibernate.service.internal.AbstractServiceRegistryImpl.getService(AbstractServiceRegistryImpl.java:210) [hibernate-core-5.2.17.Final.jar:5.2.17.Final]
	at org.hibernate.boot.model.process.spi.MetadataBuildingProcess.handleTypes(MetadataBuildingProcess.java:352) [hibernate-core-5.2.17.Final.jar:5.2.17.Final]
	at org.hibernate.boot.model.process.spi.MetadataBuildingProcess.complete(MetadataBuildingProcess.java:111) [hibernate-core-5.2.17.Final.jar:5.2.17.Final]
	at org.hibernate.jpa.boot.internal.EntityManagerFactoryBuilderImpl.metadata(EntityManagerFactoryBuilderImpl.java:861) [hibernate-core-5.2.17.Final.jar:5.2.17.Final]
	at org.hibernate.jpa.boot.internal.EntityManagerFactoryBuilderImpl.build(EntityManagerFactoryBuilderImpl.java:888) [hibernate-core-5.2.17.Final.jar:5.2.17.Final]
	at org.springframework.orm.jpa.vendor.SpringHibernateJpaPersistenceProvider.createContainerEntityManagerFactory(SpringHibernateJpaPersistenceProvider.java:57) [spring-orm-5.0.6.RELEASE.jar:5.0.6.RELEASE]
	at org.springframework.orm.jpa.LocalContainerEntityManagerFactoryBean.createNativeEntityManagerFactory(LocalContainerEntityManagerFactoryBean.java:365) [spring-orm-5.0.6.RELEASE.jar:5.0.6.RELEASE]
	at org.springframework.orm.jpa.AbstractEntityManagerFactoryBean.buildNativeEntityManagerFactory(AbstractEntityManagerFactoryBean.java:390) [spring-orm-5.0.6.RELEASE.jar:5.0.6.RELEASE]
	at org.springframework.orm.jpa.AbstractEntityManagerFactoryBean.afterPropertiesSet(AbstractEntityManagerFactoryBean.java:377) [spring-orm-5.0.6.RELEASE.jar:5.0.6.RELEASE]
	at org.springframework.orm.jpa.LocalContainerEntityManagerFactoryBean.afterPropertiesSet(LocalContainerEntityManagerFactoryBean.java:341) [spring-orm-5.0.6.RELEASE.jar:5.0.6.RELEASE]
	at org.springframework.beans.factory.support.AbstractAutowireCapableBeanFactory.invokeInitMethods(AbstractAutowireCapableBeanFactory.java:1765) [spring-beans-5.0.6.RELEASE.jar:5.0.6.RELEASE]
	at org.springframework.beans.factory.support.AbstractAutowireCapableBeanFactory.initializeBean(AbstractAutowireCapableBeanFactory.java:1702) [spring-beans-5.0.6.RELEASE.jar:5.0.6.RELEASE]
	at org.springframework.beans.factory.support.AbstractAutowireCapableBeanFactory.doCreateBean(AbstractAutowireCapableBeanFactory.java:579) [spring-beans-5.0.6.RELEASE.jar:5.0.6.RELEASE]
	at org.springframework.beans.factory.support.AbstractAutowireCapableBeanFactory.createBean(AbstractAutowireCapableBeanFactory.java:501) [spring-beans-5.0.6.RELEASE.jar:5.0.6.RELEASE]
	at org.springframework.beans.factory.support.AbstractBeanFactory.lambda$doGetBean$0(AbstractBeanFactory.java:317) [spring-beans-5.0.6.RELEASE.jar:5.0.6.RELEASE]
	at org.springframework.beans.factory.support.DefaultSingletonBeanRegistry.getSingleton(DefaultSingletonBeanRegistry.java:228) ~[spring-beans-5.0.6.RELEASE.jar:5.0.6.RELEASE]
	at org.springframework.beans.factory.support.AbstractBeanFactory.doGetBean(AbstractBeanFactory.java:315) [spring-beans-5.0.6.RELEASE.jar:5.0.6.RELEASE]
	at org.springframework.beans.factory.support.AbstractBeanFactory.getBean(AbstractBeanFactory.java:199) [spring-beans-5.0.6.RELEASE.jar:5.0.6.RELEASE]
	at org.springframework.context.support.AbstractApplicationContext.getBean(AbstractApplicationContext.java:1089) ~[spring-context-5.0.6.RELEASE.jar:5.0.6.RELEASE]
	at org.springframework.context.support.AbstractApplicationContext.finishBeanFactoryInitialization(AbstractApplicationContext.java:859) ~[spring-context-5.0.6.RELEASE.jar:5.0.6.RELEASE]
	at org.springframework.context.support.AbstractApplicationContext.refresh(AbstractApplicationContext.java:550) ~[spring-context-5.0.6.RELEASE.jar:5.0.6.RELEASE]
	at org.springframework.boot.web.servlet.context.ServletWebServerApplicationContext.refresh(ServletWebServerApplicationContext.java:140) ~[spring-boot-2.0.2.RELEASE.jar:2.0.2.RELEASE]
	at org.springframework.boot.SpringApplication.refresh(SpringApplication.java:759) ~[spring-boot-2.0.2.RELEASE.jar:2.0.2.RELEASE]
	at org.springframework.boot.SpringApplication.refreshContext(SpringApplication.java:395) ~[spring-boot-2.0.2.RELEASE.jar:2.0.2.RELEASE]
	at org.springframework.boot.SpringApplication.run(SpringApplication.java:327) ~[spring-boot-2.0.2.RELEASE.jar:2.0.2.RELEASE]
	at org.springframework.boot.SpringApplication.run(SpringApplication.java:1255) ~[spring-boot-2.0.2.RELEASE.jar:2.0.2.RELEASE]
	at org.springframework.boot.SpringApplication.run(SpringApplication.java:1243) ~[spring-boot-2.0.2.RELEASE.jar:2.0.2.RELEASE]
	at com.unieap.esb.UnieapEsbApplication.main(UnieapEsbApplication.java:35) ~[classes/:na]
Caused by: java.net.ConnectException: Connection timed out: connect
	at java.net.DualStackPlainSocketImpl.waitForConnect(Native Method) ~[na:1.8.0_161]
	at java.net.DualStackPlainSocketImpl.socketConnect(Unknown Source) ~[na:1.8.0_161]
	at java.net.AbstractPlainSocketImpl.doConnect(Unknown Source) ~[na:1.8.0_161]
	at java.net.AbstractPlainSocketImpl.connectToAddress(Unknown Source) ~[na:1.8.0_161]
	at java.net.AbstractPlainSocketImpl.connect(Unknown Source) ~[na:1.8.0_161]
	at java.net.PlainSocketImpl.connect(Unknown Source) ~[na:1.8.0_161]
	at java.net.SocksSocketImpl.connect(Unknown Source) ~[na:1.8.0_161]
	at java.net.Socket.connect(Unknown Source) ~[na:1.8.0_161]
	at com.mysql.jdbc.StandardSocketFactory.connect(StandardSocketFactory.java:211) ~[mysql-connector-java-5.1.46.jar:5.1.46]
	at com.mysql.jdbc.MysqlIO.<init>(MysqlIO.java:301) ~[mysql-connector-java-5.1.46.jar:5.1.46]
	... 68 common frames omitted
2019-05-05 17:48:25,860 INFO  [main] com.zaxxer.hikari.HikariDataSource : HikariPool-1 - Starting...
2019-05-05 17:48:47,871 ERROR [main] com.zaxxer.hikari.pool.HikariPool : HikariPool-1 - Exception during pool initialization.
com.mysql.jdbc.exceptions.jdbc4.CommunicationsException: Communications link failure

The last packet sent successfully to the server was 0 milliseconds ago. The driver has not received any packets from the server.
	at sun.reflect.NativeConstructorAccessorImpl.newInstance0(Native Method) ~[na:1.8.0_161]
	at sun.reflect.NativeConstructorAccessorImpl.newInstance(Unknown Source) ~[na:1.8.0_161]
	at sun.reflect.DelegatingConstructorAccessorImpl.newInstance(Unknown Source) ~[na:1.8.0_161]
	at java.lang.reflect.Constructor.newInstance(Unknown Source) ~[na:1.8.0_161]
	at com.mysql.jdbc.Util.handleNewInstance(Util.java:425) ~[mysql-connector-java-5.1.46.jar:5.1.46]
	at com.mysql.jdbc.SQLError.createCommunicationsException(SQLError.java:990) ~[mysql-connector-java-5.1.46.jar:5.1.46]
	at com.mysql.jdbc.MysqlIO.<init>(MysqlIO.java:342) ~[mysql-connector-java-5.1.46.jar:5.1.46]
	at com.mysql.jdbc.ConnectionImpl.coreConnect(ConnectionImpl.java:2188) ~[mysql-connector-java-5.1.46.jar:5.1.46]
	at com.mysql.jdbc.ConnectionImpl.connectOneTryOnly(ConnectionImpl.java:2221) ~[mysql-connector-java-5.1.46.jar:5.1.46]
	at com.mysql.jdbc.ConnectionImpl.createNewIO(ConnectionImpl.java:2016) ~[mysql-connector-java-5.1.46.jar:5.1.46]
	at com.mysql.jdbc.ConnectionImpl.<init>(ConnectionImpl.java:776) ~[mysql-connector-java-5.1.46.jar:5.1.46]
	at com.mysql.jdbc.JDBC4Connection.<init>(JDBC4Connection.java:47) ~[mysql-connector-java-5.1.46.jar:5.1.46]
	at sun.reflect.NativeConstructorAccessorImpl.newInstance0(Native Method) ~[na:1.8.0_161]
	at sun.reflect.NativeConstructorAccessorImpl.newInstance(Unknown Source) ~[na:1.8.0_161]
	at sun.reflect.DelegatingConstructorAccessorImpl.newInstance(Unknown Source) ~[na:1.8.0_161]
	at java.lang.reflect.Constructor.newInstance(Unknown Source) ~[na:1.8.0_161]
	at com.mysql.jdbc.Util.handleNewInstance(Util.java:425) ~[mysql-connector-java-5.1.46.jar:5.1.46]
	at com.mysql.jdbc.ConnectionImpl.getInstance(ConnectionImpl.java:386) ~[mysql-connector-java-5.1.46.jar:5.1.46]
	at com.mysql.jdbc.NonRegisteringDriver.connect(NonRegisteringDriver.java:330) ~[mysql-connector-java-5.1.46.jar:5.1.46]
	at com.zaxxer.hikari.util.DriverDataSource.getConnection(DriverDataSource.java:117) ~[HikariCP-2.7.9.jar:na]
	at com.zaxxer.hikari.util.DriverDataSource.getConnection(DriverDataSource.java:123) ~[HikariCP-2.7.9.jar:na]
	at com.zaxxer.hikari.pool.PoolBase.newConnection(PoolBase.java:365) ~[HikariCP-2.7.9.jar:na]
	at com.zaxxer.hikari.pool.PoolBase.newPoolEntry(PoolBase.java:194) ~[HikariCP-2.7.9.jar:na]
	at com.zaxxer.hikari.pool.HikariPool.createPoolEntry(HikariPool.java:460) [HikariCP-2.7.9.jar:na]
	at com.zaxxer.hikari.pool.HikariPool.checkFailFast(HikariPool.java:534) [HikariCP-2.7.9.jar:na]
	at com.zaxxer.hikari.pool.HikariPool.<init>(HikariPool.java:115) [HikariCP-2.7.9.jar:na]
	at com.zaxxer.hikari.HikariDataSource.getConnection(HikariDataSource.java:112) [HikariCP-2.7.9.jar:na]
	at com.zaxxer.hikari.HikariDataSource$$FastClassBySpringCGLIB$$eeb1ae86.invoke(<generated>) [HikariCP-2.7.9.jar:na]
	at org.springframework.cglib.proxy.MethodProxy.invoke(MethodProxy.java:204) [spring-core-5.0.6.RELEASE.jar:5.0.6.RELEASE]
	at org.springframework.aop.framework.CglibAopProxy$CglibMethodInvocation.invokeJoinpoint(CglibAopProxy.java:746) [spring-aop-5.0.6.RELEASE.jar:5.0.6.RELEASE]
	at org.springframework.aop.framework.ReflectiveMethodInvocation.proceed(ReflectiveMethodInvocation.java:163) [spring-aop-5.0.6.RELEASE.jar:5.0.6.RELEASE]
	at org.springframework.aop.support.DelegatingIntroductionInterceptor.doProceed(DelegatingIntroductionInterceptor.java:136) [spring-aop-5.0.6.RELEASE.jar:5.0.6.RELEASE]
	at org.springframework.aop.support.DelegatingIntroductionInterceptor.invoke(DelegatingIntroductionInterceptor.java:124) [spring-aop-5.0.6.RELEASE.jar:5.0.6.RELEASE]
	at org.springframework.aop.framework.ReflectiveMethodInvocation.proceed(ReflectiveMethodInvocation.java:185) [spring-aop-5.0.6.RELEASE.jar:5.0.6.RELEASE]
	at org.springframework.aop.framework.CglibAopProxy$DynamicAdvisedInterceptor.intercept(CglibAopProxy.java:688) [spring-aop-5.0.6.RELEASE.jar:5.0.6.RELEASE]
	at com.zaxxer.hikari.HikariDataSource$$EnhancerBySpringCGLIB$$6f4c5bef.getConnection(<generated>) [HikariCP-2.7.9.jar:na]
	at org.hibernate.engine.jdbc.connections.internal.DatasourceConnectionProviderImpl.getConnection(DatasourceConnectionProviderImpl.java:122) [hibernate-core-5.2.17.Final.jar:5.2.17.Final]
	at org.hibernate.engine.jdbc.env.internal.JdbcEnvironmentInitiator$ConnectionProviderJdbcConnectionAccess.obtainConnection(JdbcEnvironmentInitiator.java:180) [hibernate-core-5.2.17.Final.jar:5.2.17.Final]
	at org.hibernate.resource.transaction.backend.jdbc.internal.DdlTransactionIsolatorNonJtaImpl.getIsolatedConnection(DdlTransactionIsolatorNonJtaImpl.java:43) [hibernate-core-5.2.17.Final.jar:5.2.17.Final]
	at org.hibernate.tool.schema.internal.exec.ImprovedExtractionContextImpl.getJdbcConnection(ImprovedExtractionContextImpl.java:60) [hibernate-core-5.2.17.Final.jar:5.2.17.Final]
	at org.hibernate.tool.schema.internal.exec.ImprovedExtractionContextImpl.getJdbcDatabaseMetaData(ImprovedExtractionContextImpl.java:67) [hibernate-core-5.2.17.Final.jar:5.2.17.Final]
	at org.hibernate.tool.schema.extract.internal.InformationExtractorJdbcDatabaseMetaDataImpl.getTables(InformationExtractorJdbcDatabaseMetaDataImpl.java:329) [hibernate-core-5.2.17.Final.jar:5.2.17.Final]
	at org.hibernate.tool.schema.extract.internal.DatabaseInformationImpl.getTablesInformation(DatabaseInformationImpl.java:120) [hibernate-core-5.2.17.Final.jar:5.2.17.Final]
	at org.hibernate.tool.schema.internal.GroupedSchemaMigratorImpl.performTablesMigration(GroupedSchemaMigratorImpl.java:65) [hibernate-core-5.2.17.Final.jar:5.2.17.Final]
	at org.hibernate.tool.schema.internal.AbstractSchemaMigrator.performMigration(AbstractSchemaMigrator.java:207) [hibernate-core-5.2.17.Final.jar:5.2.17.Final]
	at org.hibernate.tool.schema.internal.AbstractSchemaMigrator.doMigration(AbstractSchemaMigrator.java:114) [hibernate-core-5.2.17.Final.jar:5.2.17.Final]
	at org.hibernate.tool.schema.spi.SchemaManagementToolCoordinator.performDatabaseAction(SchemaManagementToolCoordinator.java:183) [hibernate-core-5.2.17.Final.jar:5.2.17.Final]
	at org.hibernate.tool.schema.spi.SchemaManagementToolCoordinator.process(SchemaManagementToolCoordinator.java:72) [hibernate-core-5.2.17.Final.jar:5.2.17.Final]
	at org.hibernate.internal.SessionFactoryImpl.<init>(SessionFactoryImpl.java:312) [hibernate-core-5.2.17.Final.jar:5.2.17.Final]
	at org.hibernate.boot.internal.SessionFactoryBuilderImpl.build(SessionFactoryBuilderImpl.java:462) [hibernate-core-5.2.17.Final.jar:5.2.17.Final]
	at org.hibernate.jpa.boot.internal.EntityManagerFactoryBuilderImpl.build(EntityManagerFactoryBuilderImpl.java:892) [hibernate-core-5.2.17.Final.jar:5.2.17.Final]
	at org.springframework.orm.jpa.vendor.SpringHibernateJpaPersistenceProvider.createContainerEntityManagerFactory(SpringHibernateJpaPersistenceProvider.java:57) [spring-orm-5.0.6.RELEASE.jar:5.0.6.RELEASE]
	at org.springframework.orm.jpa.LocalContainerEntityManagerFactoryBean.createNativeEntityManagerFactory(LocalContainerEntityManagerFactoryBean.java:365) [spring-orm-5.0.6.RELEASE.jar:5.0.6.RELEASE]
	at org.springframework.orm.jpa.AbstractEntityManagerFactoryBean.buildNativeEntityManagerFactory(AbstractEntityManagerFactoryBean.java:390) [spring-orm-5.0.6.RELEASE.jar:5.0.6.RELEASE]
	at org.springframework.orm.jpa.AbstractEntityManagerFactoryBean.afterPropertiesSet(AbstractEntityManagerFactoryBean.java:377) [spring-orm-5.0.6.RELEASE.jar:5.0.6.RELEASE]
	at org.springframework.orm.jpa.LocalContainerEntityManagerFactoryBean.afterPropertiesSet(LocalContainerEntityManagerFactoryBean.java:341) [spring-orm-5.0.6.RELEASE.jar:5.0.6.RELEASE]
	at org.springframework.beans.factory.support.AbstractAutowireCapableBeanFactory.invokeInitMethods(AbstractAutowireCapableBeanFactory.java:1765) [spring-beans-5.0.6.RELEASE.jar:5.0.6.RELEASE]
	at org.springframework.beans.factory.support.AbstractAutowireCapableBeanFactory.initializeBean(AbstractAutowireCapableBeanFactory.java:1702) [spring-beans-5.0.6.RELEASE.jar:5.0.6.RELEASE]
	at org.springframework.beans.factory.support.AbstractAutowireCapableBeanFactory.doCreateBean(AbstractAutowireCapableBeanFactory.java:579) [spring-beans-5.0.6.RELEASE.jar:5.0.6.RELEASE]
	at org.springframework.beans.factory.support.AbstractAutowireCapableBeanFactory.createBean(AbstractAutowireCapableBeanFactory.java:501) [spring-beans-5.0.6.RELEASE.jar:5.0.6.RELEASE]
	at org.springframework.beans.factory.support.AbstractBeanFactory.lambda$doGetBean$0(AbstractBeanFactory.java:317) [spring-beans-5.0.6.RELEASE.jar:5.0.6.RELEASE]
	at org.springframework.beans.factory.support.DefaultSingletonBeanRegistry.getSingleton(DefaultSingletonBeanRegistry.java:228) ~[spring-beans-5.0.6.RELEASE.jar:5.0.6.RELEASE]
	at org.springframework.beans.factory.support.AbstractBeanFactory.doGetBean(AbstractBeanFactory.java:315) [spring-beans-5.0.6.RELEASE.jar:5.0.6.RELEASE]
	at org.springframework.beans.factory.support.AbstractBeanFactory.getBean(AbstractBeanFactory.java:199) [spring-beans-5.0.6.RELEASE.jar:5.0.6.RELEASE]
	at org.springframework.context.support.AbstractApplicationContext.getBean(AbstractApplicationContext.java:1089) ~[spring-context-5.0.6.RELEASE.jar:5.0.6.RELEASE]
	at org.springframework.context.support.AbstractApplicationContext.finishBeanFactoryInitialization(AbstractApplicationContext.java:859) ~[spring-context-5.0.6.RELEASE.jar:5.0.6.RELEASE]
	at org.springframework.context.support.AbstractApplicationContext.refresh(AbstractApplicationContext.java:550) ~[spring-context-5.0.6.RELEASE.jar:5.0.6.RELEASE]
	at org.springframework.boot.web.servlet.context.ServletWebServerApplicationContext.refresh(ServletWebServerApplicationContext.java:140) ~[spring-boot-2.0.2.RELEASE.jar:2.0.2.RELEASE]
	at org.springframework.boot.SpringApplication.refresh(SpringApplication.java:759) ~[spring-boot-2.0.2.RELEASE.jar:2.0.2.RELEASE]
	at org.springframework.boot.SpringApplication.refreshContext(SpringApplication.java:395) ~[spring-boot-2.0.2.RELEASE.jar:2.0.2.RELEASE]
	at org.springframework.boot.SpringApplication.run(SpringApplication.java:327) ~[spring-boot-2.0.2.RELEASE.jar:2.0.2.RELEASE]
	at org.springframework.boot.SpringApplication.run(SpringApplication.java:1255) ~[spring-boot-2.0.2.RELEASE.jar:2.0.2.RELEASE]
	at org.springframework.boot.SpringApplication.run(SpringApplication.java:1243) ~[spring-boot-2.0.2.RELEASE.jar:2.0.2.RELEASE]
	at com.unieap.esb.UnieapEsbApplication.main(UnieapEsbApplication.java:35) ~[classes/:na]
Caused by: java.net.ConnectException: Connection timed out: connect
	at java.net.DualStackPlainSocketImpl.waitForConnect(Native Method) ~[na:1.8.0_161]
	at java.net.DualStackPlainSocketImpl.socketConnect(Unknown Source) ~[na:1.8.0_161]
	at java.net.AbstractPlainSocketImpl.doConnect(Unknown Source) ~[na:1.8.0_161]
	at java.net.AbstractPlainSocketImpl.connectToAddress(Unknown Source) ~[na:1.8.0_161]
	at java.net.AbstractPlainSocketImpl.connect(Unknown Source) ~[na:1.8.0_161]
	at java.net.PlainSocketImpl.connect(Unknown Source) ~[na:1.8.0_161]
	at java.net.SocksSocketImpl.connect(Unknown Source) ~[na:1.8.0_161]
	at java.net.Socket.connect(Unknown Source) ~[na:1.8.0_161]
	at com.mysql.jdbc.StandardSocketFactory.connect(StandardSocketFactory.java:211) ~[mysql-connector-java-5.1.46.jar:5.1.46]
	at com.mysql.jdbc.MysqlIO.<init>(MysqlIO.java:301) ~[mysql-connector-java-5.1.46.jar:5.1.46]
	... 67 common frames omitted
2019-05-05 17:48:47,874 ERROR [main] org.hibernate.engine.jdbc.spi.SqlExceptionHelper : Communications link failure

The last packet sent successfully to the server was 0 milliseconds ago. The driver has not received any packets from the server.
2019-05-05 17:48:47,883 INFO  [main] org.apache.catalina.core.StandardService : Stopping service [Tomcat]
2019-05-05 17:48:47,936 ERROR [main] org.springframework.boot.SpringApplication : Application run failed
org.springframework.beans.factory.BeanCreationException: Error creating bean with name 'entityManagerFactory' defined in class path resource [org/springframework/boot/autoconfigure/orm/jpa/HibernateJpaConfiguration.class]: Invocation of init method failed; nested exception is javax.persistence.PersistenceException: [PersistenceUnit: default] Unable to build Hibernate SessionFactory; nested exception is org.hibernate.exception.JDBCConnectionException: Unable to open JDBC Connection for DDL execution
	at org.springframework.beans.factory.support.AbstractAutowireCapableBeanFactory.initializeBean(AbstractAutowireCapableBeanFactory.java:1706) ~[spring-beans-5.0.6.RELEASE.jar:5.0.6.RELEASE]
	at org.springframework.beans.factory.support.AbstractAutowireCapableBeanFactory.doCreateBean(AbstractAutowireCapableBeanFactory.java:579) ~[spring-beans-5.0.6.RELEASE.jar:5.0.6.RELEASE]
	at org.springframework.beans.factory.support.AbstractAutowireCapableBeanFactory.createBean(AbstractAutowireCapableBeanFactory.java:501) ~[spring-beans-5.0.6.RELEASE.jar:5.0.6.RELEASE]
	at org.springframework.beans.factory.support.AbstractBeanFactory.lambda$doGetBean$0(AbstractBeanFactory.java:317) ~[spring-beans-5.0.6.RELEASE.jar:5.0.6.RELEASE]
	at org.springframework.beans.factory.support.DefaultSingletonBeanRegistry.getSingleton(DefaultSingletonBeanRegistry.java:228) ~[spring-beans-5.0.6.RELEASE.jar:5.0.6.RELEASE]
	at org.springframework.beans.factory.support.AbstractBeanFactory.doGetBean(AbstractBeanFactory.java:315) ~[spring-beans-5.0.6.RELEASE.jar:5.0.6.RELEASE]
	at org.springframework.beans.factory.support.AbstractBeanFactory.getBean(AbstractBeanFactory.java:199) ~[spring-beans-5.0.6.RELEASE.jar:5.0.6.RELEASE]
	at org.springframework.context.support.AbstractApplicationContext.getBean(AbstractApplicationContext.java:1089) ~[spring-context-5.0.6.RELEASE.jar:5.0.6.RELEASE]
	at org.springframework.context.support.AbstractApplicationContext.finishBeanFactoryInitialization(AbstractApplicationContext.java:859) ~[spring-context-5.0.6.RELEASE.jar:5.0.6.RELEASE]
	at org.springframework.context.support.AbstractApplicationContext.refresh(AbstractApplicationContext.java:550) ~[spring-context-5.0.6.RELEASE.jar:5.0.6.RELEASE]
	at org.springframework.boot.web.servlet.context.ServletWebServerApplicationContext.refresh(ServletWebServerApplicationContext.java:140) ~[spring-boot-2.0.2.RELEASE.jar:2.0.2.RELEASE]
	at org.springframework.boot.SpringApplication.refresh(SpringApplication.java:759) [spring-boot-2.0.2.RELEASE.jar:2.0.2.RELEASE]
	at org.springframework.boot.SpringApplication.refreshContext(SpringApplication.java:395) [spring-boot-2.0.2.RELEASE.jar:2.0.2.RELEASE]
	at org.springframework.boot.SpringApplication.run(SpringApplication.java:327) [spring-boot-2.0.2.RELEASE.jar:2.0.2.RELEASE]
	at org.springframework.boot.SpringApplication.run(SpringApplication.java:1255) [spring-boot-2.0.2.RELEASE.jar:2.0.2.RELEASE]
	at org.springframework.boot.SpringApplication.run(SpringApplication.java:1243) [spring-boot-2.0.2.RELEASE.jar:2.0.2.RELEASE]
	at com.unieap.esb.UnieapEsbApplication.main(UnieapEsbApplication.java:35) [classes/:na]
Caused by: javax.persistence.PersistenceException: [PersistenceUnit: default] Unable to build Hibernate SessionFactory; nested exception is org.hibernate.exception.JDBCConnectionException: Unable to open JDBC Connection for DDL execution
	at org.springframework.orm.jpa.AbstractEntityManagerFactoryBean.buildNativeEntityManagerFactory(AbstractEntityManagerFactoryBean.java:402) ~[spring-orm-5.0.6.RELEASE.jar:5.0.6.RELEASE]
	at org.springframework.orm.jpa.AbstractEntityManagerFactoryBean.afterPropertiesSet(AbstractEntityManagerFactoryBean.java:377) ~[spring-orm-5.0.6.RELEASE.jar:5.0.6.RELEASE]
	at org.springframework.orm.jpa.LocalContainerEntityManagerFactoryBean.afterPropertiesSet(LocalContainerEntityManagerFactoryBean.java:341) ~[spring-orm-5.0.6.RELEASE.jar:5.0.6.RELEASE]
	at org.springframework.beans.factory.support.AbstractAutowireCapableBeanFactory.invokeInitMethods(AbstractAutowireCapableBeanFactory.java:1765) ~[spring-beans-5.0.6.RELEASE.jar:5.0.6.RELEASE]
	at org.springframework.beans.factory.support.AbstractAutowireCapableBeanFactory.initializeBean(AbstractAutowireCapableBeanFactory.java:1702) ~[spring-beans-5.0.6.RELEASE.jar:5.0.6.RELEASE]
	... 16 common frames omitted
Caused by: org.hibernate.exception.JDBCConnectionException: Unable to open JDBC Connection for DDL execution
	at org.hibernate.exception.internal.SQLStateConversionDelegate.convert(SQLStateConversionDelegate.java:115) ~[hibernate-core-5.2.17.Final.jar:5.2.17.Final]
	at org.hibernate.exception.internal.StandardSQLExceptionConverter.convert(StandardSQLExceptionConverter.java:42) ~[hibernate-core-5.2.17.Final.jar:5.2.17.Final]
	at org.hibernate.engine.jdbc.spi.SqlExceptionHelper.convert(SqlExceptionHelper.java:111) ~[hibernate-core-5.2.17.Final.jar:5.2.17.Final]
	at org.hibernate.engine.jdbc.spi.SqlExceptionHelper.convert(SqlExceptionHelper.java:97) ~[hibernate-core-5.2.17.Final.jar:5.2.17.Final]
	at org.hibernate.resource.transaction.backend.jdbc.internal.DdlTransactionIsolatorNonJtaImpl.getIsolatedConnection(DdlTransactionIsolatorNonJtaImpl.java:69) ~[hibernate-core-5.2.17.Final.jar:5.2.17.Final]
	at org.hibernate.tool.schema.internal.exec.ImprovedExtractionContextImpl.getJdbcConnection(ImprovedExtractionContextImpl.java:60) ~[hibernate-core-5.2.17.Final.jar:5.2.17.Final]
	at org.hibernate.tool.schema.internal.exec.ImprovedExtractionContextImpl.getJdbcDatabaseMetaData(ImprovedExtractionContextImpl.java:67) ~[hibernate-core-5.2.17.Final.jar:5.2.17.Final]
	at org.hibernate.tool.schema.extract.internal.InformationExtractorJdbcDatabaseMetaDataImpl.getTables(InformationExtractorJdbcDatabaseMetaDataImpl.java:329) ~[hibernate-core-5.2.17.Final.jar:5.2.17.Final]
	at org.hibernate.tool.schema.extract.internal.DatabaseInformationImpl.getTablesInformation(DatabaseInformationImpl.java:120) ~[hibernate-core-5.2.17.Final.jar:5.2.17.Final]
	at org.hibernate.tool.schema.internal.GroupedSchemaMigratorImpl.performTablesMigration(GroupedSchemaMigratorImpl.java:65) ~[hibernate-core-5.2.17.Final.jar:5.2.17.Final]
	at org.hibernate.tool.schema.internal.AbstractSchemaMigrator.performMigration(AbstractSchemaMigrator.java:207) ~[hibernate-core-5.2.17.Final.jar:5.2.17.Final]
	at org.hibernate.tool.schema.internal.AbstractSchemaMigrator.doMigration(AbstractSchemaMigrator.java:114) ~[hibernate-core-5.2.17.Final.jar:5.2.17.Final]
	at org.hibernate.tool.schema.spi.SchemaManagementToolCoordinator.performDatabaseAction(SchemaManagementToolCoordinator.java:183) ~[hibernate-core-5.2.17.Final.jar:5.2.17.Final]
	at org.hibernate.tool.schema.spi.SchemaManagementToolCoordinator.process(SchemaManagementToolCoordinator.java:72) ~[hibernate-core-5.2.17.Final.jar:5.2.17.Final]
	at org.hibernate.internal.SessionFactoryImpl.<init>(SessionFactoryImpl.java:312) ~[hibernate-core-5.2.17.Final.jar:5.2.17.Final]
	at org.hibernate.boot.internal.SessionFactoryBuilderImpl.build(SessionFactoryBuilderImpl.java:462) ~[hibernate-core-5.2.17.Final.jar:5.2.17.Final]
	at org.hibernate.jpa.boot.internal.EntityManagerFactoryBuilderImpl.build(EntityManagerFactoryBuilderImpl.java:892) ~[hibernate-core-5.2.17.Final.jar:5.2.17.Final]
	at org.springframework.orm.jpa.vendor.SpringHibernateJpaPersistenceProvider.createContainerEntityManagerFactory(SpringHibernateJpaPersistenceProvider.java:57) ~[spring-orm-5.0.6.RELEASE.jar:5.0.6.RELEASE]
	at org.springframework.orm.jpa.LocalContainerEntityManagerFactoryBean.createNativeEntityManagerFactory(LocalContainerEntityManagerFactoryBean.java:365) ~[spring-orm-5.0.6.RELEASE.jar:5.0.6.RELEASE]
	at org.springframework.orm.jpa.AbstractEntityManagerFactoryBean.buildNativeEntityManagerFactory(AbstractEntityManagerFactoryBean.java:390) ~[spring-orm-5.0.6.RELEASE.jar:5.0.6.RELEASE]
	... 20 common frames omitted
Caused by: com.mysql.jdbc.exceptions.jdbc4.CommunicationsException: Communications link failure

The last packet sent successfully to the server was 0 milliseconds ago. The driver has not received any packets from the server.
	at sun.reflect.NativeConstructorAccessorImpl.newInstance0(Native Method) ~[na:1.8.0_161]
	at sun.reflect.NativeConstructorAccessorImpl.newInstance(Unknown Source) ~[na:1.8.0_161]
	at sun.reflect.DelegatingConstructorAccessorImpl.newInstance(Unknown Source) ~[na:1.8.0_161]
	at java.lang.reflect.Constructor.newInstance(Unknown Source) ~[na:1.8.0_161]
	at com.mysql.jdbc.Util.handleNewInstance(Util.java:425) ~[mysql-connector-java-5.1.46.jar:5.1.46]
	at com.mysql.jdbc.SQLError.createCommunicationsException(SQLError.java:990) ~[mysql-connector-java-5.1.46.jar:5.1.46]
	at com.mysql.jdbc.MysqlIO.<init>(MysqlIO.java:342) ~[mysql-connector-java-5.1.46.jar:5.1.46]
	at com.mysql.jdbc.ConnectionImpl.coreConnect(ConnectionImpl.java:2188) ~[mysql-connector-java-5.1.46.jar:5.1.46]
	at com.mysql.jdbc.ConnectionImpl.connectOneTryOnly(ConnectionImpl.java:2221) ~[mysql-connector-java-5.1.46.jar:5.1.46]
	at com.mysql.jdbc.ConnectionImpl.createNewIO(ConnectionImpl.java:2016) ~[mysql-connector-java-5.1.46.jar:5.1.46]
	at com.mysql.jdbc.ConnectionImpl.<init>(ConnectionImpl.java:776) ~[mysql-connector-java-5.1.46.jar:5.1.46]
	at com.mysql.jdbc.JDBC4Connection.<init>(JDBC4Connection.java:47) ~[mysql-connector-java-5.1.46.jar:5.1.46]
	at sun.reflect.NativeConstructorAccessorImpl.newInstance0(Native Method) ~[na:1.8.0_161]
	at sun.reflect.NativeConstructorAccessorImpl.newInstance(Unknown Source) ~[na:1.8.0_161]
	at sun.reflect.DelegatingConstructorAccessorImpl.newInstance(Unknown Source) ~[na:1.8.0_161]
	at java.lang.reflect.Constructor.newInstance(Unknown Source) ~[na:1.8.0_161]
	at com.mysql.jdbc.Util.handleNewInstance(Util.java:425) ~[mysql-connector-java-5.1.46.jar:5.1.46]
	at com.mysql.jdbc.ConnectionImpl.getInstance(ConnectionImpl.java:386) ~[mysql-connector-java-5.1.46.jar:5.1.46]
	at com.mysql.jdbc.NonRegisteringDriver.connect(NonRegisteringDriver.java:330) ~[mysql-connector-java-5.1.46.jar:5.1.46]
	at com.zaxxer.hikari.util.DriverDataSource.getConnection(DriverDataSource.java:117) ~[HikariCP-2.7.9.jar:na]
	at com.zaxxer.hikari.util.DriverDataSource.getConnection(DriverDataSource.java:123) ~[HikariCP-2.7.9.jar:na]
	at com.zaxxer.hikari.pool.PoolBase.newConnection(PoolBase.java:365) ~[HikariCP-2.7.9.jar:na]
	at com.zaxxer.hikari.pool.PoolBase.newPoolEntry(PoolBase.java:194) ~[HikariCP-2.7.9.jar:na]
	at com.zaxxer.hikari.pool.HikariPool.createPoolEntry(HikariPool.java:460) ~[HikariCP-2.7.9.jar:na]
	at com.zaxxer.hikari.pool.HikariPool.checkFailFast(HikariPool.java:534) ~[HikariCP-2.7.9.jar:na]
	at com.zaxxer.hikari.pool.HikariPool.<init>(HikariPool.java:115) ~[HikariCP-2.7.9.jar:na]
	at com.zaxxer.hikari.HikariDataSource.getConnection(HikariDataSource.java:112) ~[HikariCP-2.7.9.jar:na]
	at com.zaxxer.hikari.HikariDataSource$$FastClassBySpringCGLIB$$eeb1ae86.invoke(<generated>) ~[HikariCP-2.7.9.jar:na]
	at org.springframework.cglib.proxy.MethodProxy.invoke(MethodProxy.java:204) ~[spring-core-5.0.6.RELEASE.jar:5.0.6.RELEASE]
	at org.springframework.aop.framework.CglibAopProxy$CglibMethodInvocation.invokeJoinpoint(CglibAopProxy.java:746) ~[spring-aop-5.0.6.RELEASE.jar:5.0.6.RELEASE]
	at org.springframework.aop.framework.ReflectiveMethodInvocation.proceed(ReflectiveMethodInvocation.java:163) ~[spring-aop-5.0.6.RELEASE.jar:5.0.6.RELEASE]
	at org.springframework.aop.support.DelegatingIntroductionInterceptor.doProceed(DelegatingIntroductionInterceptor.java:136) ~[spring-aop-5.0.6.RELEASE.jar:5.0.6.RELEASE]
	at org.springframework.aop.support.DelegatingIntroductionInterceptor.invoke(DelegatingIntroductionInterceptor.java:124) ~[spring-aop-5.0.6.RELEASE.jar:5.0.6.RELEASE]
	at org.springframework.aop.framework.ReflectiveMethodInvocation.proceed(ReflectiveMethodInvocation.java:185) ~[spring-aop-5.0.6.RELEASE.jar:5.0.6.RELEASE]
	at org.springframework.aop.framework.CglibAopProxy$DynamicAdvisedInterceptor.intercept(CglibAopProxy.java:688) ~[spring-aop-5.0.6.RELEASE.jar:5.0.6.RELEASE]
	at com.zaxxer.hikari.HikariDataSource$$EnhancerBySpringCGLIB$$6f4c5bef.getConnection(<generated>) ~[HikariCP-2.7.9.jar:na]
	at org.hibernate.engine.jdbc.connections.internal.DatasourceConnectionProviderImpl.getConnection(DatasourceConnectionProviderImpl.java:122) ~[hibernate-core-5.2.17.Final.jar:5.2.17.Final]
	at org.hibernate.engine.jdbc.env.internal.JdbcEnvironmentInitiator$ConnectionProviderJdbcConnectionAccess.obtainConnection(JdbcEnvironmentInitiator.java:180) ~[hibernate-core-5.2.17.Final.jar:5.2.17.Final]
	at org.hibernate.resource.transaction.backend.jdbc.internal.DdlTransactionIsolatorNonJtaImpl.getIsolatedConnection(DdlTransactionIsolatorNonJtaImpl.java:43) ~[hibernate-core-5.2.17.Final.jar:5.2.17.Final]
	... 35 common frames omitted
Caused by: java.net.ConnectException: Connection timed out: connect
	at java.net.DualStackPlainSocketImpl.waitForConnect(Native Method) ~[na:1.8.0_161]
	at java.net.DualStackPlainSocketImpl.socketConnect(Unknown Source) ~[na:1.8.0_161]
	at java.net.AbstractPlainSocketImpl.doConnect(Unknown Source) ~[na:1.8.0_161]
	at java.net.AbstractPlainSocketImpl.connectToAddress(Unknown Source) ~[na:1.8.0_161]
	at java.net.AbstractPlainSocketImpl.connect(Unknown Source) ~[na:1.8.0_161]
	at java.net.PlainSocketImpl.connect(Unknown Source) ~[na:1.8.0_161]
	at java.net.SocksSocketImpl.connect(Unknown Source) ~[na:1.8.0_161]
	at java.net.Socket.connect(Unknown Source) ~[na:1.8.0_161]
	at com.mysql.jdbc.StandardSocketFactory.connect(StandardSocketFactory.java:211) ~[mysql-connector-java-5.1.46.jar:5.1.46]
	at com.mysql.jdbc.MysqlIO.<init>(MysqlIO.java:301) ~[mysql-connector-java-5.1.46.jar:5.1.46]
	... 67 common frames omitted
2019-05-05 17:50:00,379 INFO  [main] com.unieap.base.ApplicationEventListener : ============================================================================
2019-05-05 17:50:00,379 INFO  [main] com.unieap.base.ApplicationEventListener : ***                                                                      ***
2019-05-05 17:50:00,379 INFO  [main] com.unieap.base.ApplicationEventListener : ***                                                                      ***
2019-05-05 17:50:00,379 INFO  [main] com.unieap.base.ApplicationEventListener : ***           ApplicationEnvironmentPreparedEvent Done                   ***
2019-05-05 17:50:00,380 INFO  [main] com.unieap.base.ApplicationEventListener : ***                                                                      ***
2019-05-05 17:50:00,380 INFO  [main] com.unieap.base.ApplicationEventListener : ***                                                                      ***
2019-05-05 17:50:00,380 INFO  [main] com.unieap.base.ApplicationEventListener : ============================================================================
2019-05-05 17:50:00,402 INFO  [main] com.unieap.esb.UnieapEsbApplication : The following profiles are active: prod
2019-05-05 17:50:00,434 INFO  [main] com.unieap.base.ApplicationEventListener : ============================================================================
2019-05-05 17:50:00,434 INFO  [main] com.unieap.base.ApplicationEventListener : ***                                                                      ***
2019-05-05 17:50:00,434 INFO  [main] com.unieap.base.ApplicationEventListener : ***                                                                      ***
2019-05-05 17:50:00,434 INFO  [main] com.unieap.base.ApplicationEventListener : ***                  ApplicationPreparedEvent Done                       ***
2019-05-05 17:50:00,435 INFO  [main] com.unieap.base.ApplicationEventListener : ***                                                                      ***
2019-05-05 17:50:00,435 INFO  [main] com.unieap.base.ApplicationEventListener : ***                                                                      ***
2019-05-05 17:50:00,435 INFO  [main] com.unieap.base.ApplicationEventListener : ============================================================================
2019-05-05 17:50:12,212 INFO  [main] org.apache.catalina.core.StandardService : Starting service [Tomcat]
2019-05-05 17:50:12,213 INFO  [main] org.apache.catalina.core.StandardEngine : Starting Servlet Engine: Apache Tomcat/8.5.31
2019-05-05 17:50:12,227 INFO  [localhost-startStop-1] org.apache.catalina.core.AprLifecycleListener : The APR based Apache Tomcat Native library which allows optimal performance in production environments was not found on the java.library.path: [C:\Program Files\Java\jre1.8.0_161\bin;C:\WINDOWS\Sun\Java\bin;C:\WINDOWS\system32;C:\WINDOWS;C:/Program Files/Java/jdk1.8.0_73/bin/../jre/bin/server;C:/Program Files/Java/jdk1.8.0_73/bin/../jre/bin;C:/Program Files/Java/jdk1.8.0_73/bin/../jre/lib/amd64;";C:\Program Files\Java\jdk1.8.0_73\bin;C:\Program Files\Java\jdk1.8.0_73\jre\bin;";C:\ProgramData\Oracle\Java\javapath;C:\WINDOWS\system32;C:\WINDOWS;C:\WINDOWS\System32\Wbem;C:\WINDOWS\System32\WindowsPowerShell\v1.0\;C:\WINDOWS\System32\OpenSSH\;C:\Users\Thinkpad\AppData\Local\Microsoft\WindowsApps;;C:\Users\Thinkpad\AppData\Local\Programs\Fiddler;C:\Users\Thinkpad\Desktop;;.]
2019-05-05 17:50:12,691 INFO  [localhost-startStop-1] org.apache.catalina.core.ContainerBase.[Tomcat].[localhost].[/] : Initializing Spring embedded WebApplicationContext
2019-05-05 17:50:13,239 WARN  [localhost-startStop-1] com.netflix.config.sources.URLConfigurationSource : No URLs will be polled as dynamic configuration sources.
2019-05-05 17:50:13,239 INFO  [localhost-startStop-1] com.netflix.config.sources.URLConfigurationSource : To enable URLs as dynamic configuration sources, define System property archaius.configurationSource.additionalUrls or make config.properties available on classpath.
2019-05-05 17:50:13,252 INFO  [localhost-startStop-1] com.netflix.config.DynamicPropertyFactory : DynamicPropertyFactory is initialized with configuration sources: com.netflix.config.ConcurrentCompositeConfiguration@14d253f6
2019-05-05 17:50:17,885 INFO  [main] com.zaxxer.hikari.HikariDataSource : HikariPool-1 - Starting...
2019-05-05 17:50:18,299 INFO  [main] com.zaxxer.hikari.HikariDataSource : HikariPool-1 - Start completed.
2019-05-05 17:50:24,195 WARN  [main] com.netflix.config.sources.URLConfigurationSource : No URLs will be polled as dynamic configuration sources.
2019-05-05 17:50:24,197 INFO  [main] com.netflix.config.sources.URLConfigurationSource : To enable URLs as dynamic configuration sources, define System property archaius.configurationSource.additionalUrls or make config.properties available on classpath.
2019-05-05 17:50:26,847 INFO  [main] com.netflix.discovery.DiscoveryClient : Initializing Eureka in region us-east-1
2019-05-05 17:50:27,519 INFO  [main] com.netflix.discovery.provider.DiscoveryJerseyProvider : Using JSON encoding codec LegacyJacksonJson
2019-05-05 17:50:27,520 INFO  [main] com.netflix.discovery.provider.DiscoveryJerseyProvider : Using JSON decoding codec LegacyJacksonJson
2019-05-05 17:50:27,754 INFO  [main] com.netflix.discovery.provider.DiscoveryJerseyProvider : Using XML encoding codec XStreamXml
2019-05-05 17:50:27,754 INFO  [main] com.netflix.discovery.provider.DiscoveryJerseyProvider : Using XML decoding codec XStreamXml
2019-05-05 17:50:28,028 INFO  [main] com.netflix.discovery.shared.resolver.aws.ConfigClusterResolver : Resolving eureka endpoints via configuration
2019-05-05 17:50:28,267 INFO  [main] com.netflix.discovery.DiscoveryClient : Disable delta property : false
2019-05-05 17:50:28,268 INFO  [main] com.netflix.discovery.DiscoveryClient : Single vip registry refresh property : null
2019-05-05 17:50:28,268 INFO  [main] com.netflix.discovery.DiscoveryClient : Force full registry fetch : false
2019-05-05 17:50:28,268 INFO  [main] com.netflix.discovery.DiscoveryClient : Application is null : false
2019-05-05 17:50:28,268 INFO  [main] com.netflix.discovery.DiscoveryClient : Registered Applications size is zero : true
2019-05-05 17:50:28,268 INFO  [main] com.netflix.discovery.DiscoveryClient : Application version is -1: true
2019-05-05 17:50:28,268 INFO  [main] com.netflix.discovery.DiscoveryClient : Getting all instance registry info from the eureka server
2019-05-05 17:50:28,496 INFO  [main] com.netflix.discovery.DiscoveryClient : The response status is 200
2019-05-05 17:50:28,501 INFO  [main] com.netflix.discovery.DiscoveryClient : Starting heartbeat executor: renew interval is: 3
2019-05-05 17:50:28,505 INFO  [main] com.netflix.discovery.InstanceInfoReplicator : InstanceInfoReplicator onDemand update allowed rate per min is 4
2019-05-05 17:50:28,511 INFO  [main] com.netflix.discovery.DiscoveryClient : Discovery Client initialized at timestamp 1557049828509 with initial instances count: 1
2019-05-05 17:50:28,538 INFO  [main] com.netflix.discovery.DiscoveryClient : Saw local status change event StatusChangeEvent [timestamp=1557049828538, current=UP, previous=STARTING]
2019-05-05 17:50:28,539 WARN  [main] com.netflix.discovery.InstanceInfoReplicator : Ignoring onDemand update due to rate limiter
2019-05-05 17:50:28,555 INFO  [main] com.unieap.base.ApplicationEventListener : ============================================================================
2019-05-05 17:50:28,556 INFO  [main] com.unieap.base.ApplicationEventListener : ***                                                                      ***
2019-05-05 17:50:28,556 INFO  [main] com.unieap.base.ApplicationEventListener : ***                                                                      ***
2019-05-05 17:50:28,556 INFO  [main] com.unieap.base.ApplicationEventListener : ***                    ContextRefreshedEvent Done                        ***
2019-05-05 17:50:28,556 INFO  [main] com.unieap.base.ApplicationEventListener : ***                                                                      ***
2019-05-05 17:50:28,556 INFO  [main] com.unieap.base.ApplicationEventListener : ***                                                                      ***
2019-05-05 17:50:28,556 INFO  [main] com.unieap.base.ApplicationEventListener : ============================================================================
2019-05-05 17:50:28,557 INFO  [main] com.unieap.base.ApplicationEventListener : ============================================================================
2019-05-05 17:50:28,558 INFO  [main] com.unieap.base.ApplicationEventListener : ***                                                                      ***
2019-05-05 17:50:28,558 INFO  [main] com.unieap.base.ApplicationEventListener : ***                                                                      ***
2019-05-05 17:50:28,558 INFO  [main] com.unieap.base.ApplicationEventListener : ***                  ApplicationPreparedEvent Done                       ***
2019-05-05 17:50:28,558 INFO  [main] com.unieap.base.ApplicationEventListener : ***                                                                      ***
2019-05-05 17:50:28,558 INFO  [main] com.unieap.base.ApplicationEventListener : ***                                                                      ***
2019-05-05 17:50:28,558 INFO  [main] com.unieap.base.ApplicationEventListener : ============================================================================
2019-05-05 17:50:28,585 INFO  [DiscoveryClient-InstanceInfoReplicator-0] com.netflix.discovery.DiscoveryClient : DiscoveryClient_UNIEAP-ESB/Caiqiufu:unieap-esb:8100: registering service...
2019-05-05 17:50:28,666 INFO  [DiscoveryClient-InstanceInfoReplicator-0] com.netflix.discovery.DiscoveryClient : DiscoveryClient_UNIEAP-ESB/Caiqiufu:unieap-esb:8100 - registration status: 204
2019-05-05 17:50:28,696 INFO  [main] com.unieap.esb.UnieapEsbApplication : Started UnieapEsbApplication in 30.946 seconds (JVM running for 32.256)
2019-05-05 17:50:28,702 INFO  [main] com.unieap.base.ApplicationEventListener : ============================================================================
2019-05-05 17:50:28,702 INFO  [main] com.unieap.base.ApplicationEventListener : ***                                                                      ***
2019-05-05 17:50:28,703 INFO  [main] com.unieap.base.ApplicationEventListener : ***                                                                      ***
2019-05-05 17:50:28,703 INFO  [main] com.unieap.base.ApplicationEventListener : ***                    ApplicationReadyEvent Done                        ***
2019-05-05 17:50:28,703 INFO  [main] com.unieap.base.ApplicationEventListener : ***                                                                      ***
2019-05-05 17:50:28,703 INFO  [main] com.unieap.base.ApplicationEventListener : ***                                                                      ***
2019-05-05 17:50:28,703 INFO  [main] com.unieap.base.ApplicationEventListener : ============================================================================
2019-05-05 17:50:28,844 INFO  [main] com.unieap.base.LoadSystemData : ============================================================================
2019-05-05 17:50:28,844 INFO  [main] com.unieap.base.LoadSystemData : ***            handler[loadSysDicDataHandler] process done                     ***
2019-05-05 17:50:28,845 INFO  [main] com.unieap.base.LoadSystemData : ============================================================================
2019-05-05 17:50:28,861 INFO  [main] com.unieap.base.LoadSystemData : ============================================================================
2019-05-05 17:50:28,862 INFO  [main] com.unieap.base.LoadSystemData : ***            handler[loadSysMessageDataHandler] process done                     ***
2019-05-05 17:50:28,862 INFO  [main] com.unieap.base.LoadSystemData : ============================================================================
2019-05-05 17:50:28,889 INFO  [main] com.unieap.base.LoadSystemData : ============================================================================
2019-05-05 17:50:28,889 INFO  [main] com.unieap.base.LoadSystemData : ***            handler[loadSysUserDataHandler] process done                     ***
2019-05-05 17:50:28,894 INFO  [main] com.unieap.base.LoadSystemData : ============================================================================
2019-05-05 17:50:28,896 INFO  [main] com.unieap.base.LoadSystemData : ============================================================================
2019-05-05 17:50:28,896 INFO  [main] com.unieap.base.LoadSystemData : ***            handler[loadSysResRoleDataHandler] process done                     ***
2019-05-05 17:50:28,897 INFO  [main] com.unieap.base.LoadSystemData : ============================================================================
2019-05-05 17:50:28,906 INFO  [main] com.unieap.base.LoadSystemData : ============================================================================
2019-05-05 17:50:28,906 INFO  [main] com.unieap.base.LoadSystemData : ***            handler[loadInfFieldConfigDataHandler] process done                     ***
2019-05-05 17:50:28,906 INFO  [main] com.unieap.base.LoadSystemData : ============================================================================
2019-05-05 17:50:29,119 INFO  [main] com.unieap.base.LoadSystemData : ============================================================================
2019-05-05 17:50:29,119 INFO  [main] com.unieap.base.LoadSystemData : ***            handler[loadBizConfigDataHandler] process done                     ***
2019-05-05 17:50:29,119 INFO  [main] com.unieap.base.LoadSystemData : ============================================================================
2019-05-05 17:50:29,134 INFO  [main] com.unieap.base.LoadSystemData : ============================================================================
2019-05-05 17:50:29,135 INFO  [main] com.unieap.base.LoadSystemData : ***            handler[loadInfConfigDataHandler] process done                     ***
2019-05-05 17:50:29,135 INFO  [main] com.unieap.base.LoadSystemData : ============================================================================
2019-05-05 17:50:29,452 INFO  [main] com.unieap.base.LoadSystemData : ============================================================================
2019-05-05 17:50:29,452 INFO  [main] com.unieap.base.LoadSystemData : ***            handler[loadBizMessageConfigDataHandler] process done                     ***
2019-05-05 17:50:29,452 INFO  [main] com.unieap.base.LoadSystemData : ============================================================================
2019-05-05 17:50:41,112 INFO  [http-nio-8100-exec-7] org.apache.catalina.core.ContainerBase.[Tomcat].[localhost].[/] : Initializing Spring FrameworkServlet 'messageDispatcherServlet'
2019-05-05 17:55:28,273 INFO  [AsyncResolver-bootstrap-executor-0] com.netflix.discovery.shared.resolver.aws.ConfigClusterResolver : Resolving eureka endpoints via configuration
2019-05-05 18:00:26,551 INFO  [DiscoveryClient-HeartbeatExecutor-0] com.netflix.discovery.DiscoveryClient : DiscoveryClient_UNIEAP-ESB/Caiqiufu:unieap-esb:8100 - Re-registering apps/UNIEAP-ESB
2019-05-05 18:00:29,986 INFO  [AsyncResolver-bootstrap-executor-0] com.netflix.discovery.shared.resolver.aws.ConfigClusterResolver : Resolving eureka endpoints via configuration
2019-05-05 18:00:33,685 INFO  [DiscoveryClient-HeartbeatExecutor-0] com.netflix.discovery.DiscoveryClient : DiscoveryClient_UNIEAP-ESB/Caiqiufu:unieap-esb:8100: registering service...
2019-05-05 18:00:48,641 INFO  [DiscoveryClient-HeartbeatExecutor-1] com.netflix.discovery.DiscoveryClient : DiscoveryClient_UNIEAP-ESB/Caiqiufu:unieap-esb:8100 - Re-registering apps/UNIEAP-ESB
2019-05-05 18:00:48,642 INFO  [DiscoveryClient-HeartbeatExecutor-1] com.netflix.discovery.DiscoveryClient : DiscoveryClient_UNIEAP-ESB/Caiqiufu:unieap-esb:8100: registering service...
2019-05-05 18:00:54,032 INFO  [DiscoveryClient-HeartbeatExecutor-0] com.netflix.discovery.DiscoveryClient : DiscoveryClient_UNIEAP-ESB/Caiqiufu:unieap-esb:8100 - registration status: 204
2019-05-05 18:00:56,634 INFO  [DiscoveryClient-HeartbeatExecutor-1] com.netflix.discovery.DiscoveryClient : DiscoveryClient_UNIEAP-ESB/Caiqiufu:unieap-esb:8100 - registration status: 204
2019-05-05 18:03:07,654 INFO  [DiscoveryClient-HeartbeatExecutor-1] com.netflix.discovery.DiscoveryClient : DiscoveryClient_UNIEAP-ESB/Caiqiufu:unieap-esb:8100 - Re-registering apps/UNIEAP-ESB
2019-05-05 18:03:07,656 INFO  [DiscoveryClient-HeartbeatExecutor-1] com.netflix.discovery.DiscoveryClient : DiscoveryClient_UNIEAP-ESB/Caiqiufu:unieap-esb:8100: registering service...
2019-05-05 18:03:10,896 INFO  [DiscoveryClient-HeartbeatExecutor-1] com.netflix.discovery.DiscoveryClient : DiscoveryClient_UNIEAP-ESB/Caiqiufu:unieap-esb:8100 - registration status: 204
2019-05-05 18:03:59,114 INFO  [DiscoveryClient-HeartbeatExecutor-3] com.netflix.discovery.DiscoveryClient : DiscoveryClient_UNIEAP-ESB/Caiqiufu:unieap-esb:8100 - Re-registering apps/UNIEAP-ESB
2019-05-05 18:03:59,115 INFO  [DiscoveryClient-HeartbeatExecutor-3] com.netflix.discovery.DiscoveryClient : DiscoveryClient_UNIEAP-ESB/Caiqiufu:unieap-esb:8100: registering service...
2019-05-05 18:04:02,160 INFO  [DiscoveryClient-HeartbeatExecutor-3] com.netflix.discovery.DiscoveryClient : DiscoveryClient_UNIEAP-ESB/Caiqiufu:unieap-esb:8100 - registration status: 204
2019-05-05 18:04:35,350 INFO  [DiscoveryClient-HeartbeatExecutor-3] com.netflix.discovery.DiscoveryClient : DiscoveryClient_UNIEAP-ESB/Caiqiufu:unieap-esb:8100 - Re-registering apps/UNIEAP-ESB
2019-05-05 18:04:35,351 INFO  [DiscoveryClient-HeartbeatExecutor-3] com.netflix.discovery.DiscoveryClient : DiscoveryClient_UNIEAP-ESB/Caiqiufu:unieap-esb:8100: registering service...
2019-05-05 18:04:40,132 INFO  [DiscoveryClient-HeartbeatExecutor-3] com.netflix.discovery.DiscoveryClient : DiscoveryClient_UNIEAP-ESB/Caiqiufu:unieap-esb:8100 - registration status: 204
2019-05-05 18:05:39,754 INFO  [AsyncResolver-bootstrap-executor-0] com.netflix.discovery.shared.resolver.aws.ConfigClusterResolver : Resolving eureka endpoints via configuration
2019-05-05 18:07:03,304 INFO  [DiscoveryClient-HeartbeatExecutor-4] com.netflix.discovery.DiscoveryClient : DiscoveryClient_UNIEAP-ESB/Caiqiufu:unieap-esb:8100 - Re-registering apps/UNIEAP-ESB
2019-05-05 18:07:06,325 INFO  [DiscoveryClient-HeartbeatExecutor-4] com.netflix.discovery.DiscoveryClient : DiscoveryClient_UNIEAP-ESB/Caiqiufu:unieap-esb:8100: registering service...
2019-05-05 18:07:16,042 INFO  [DiscoveryClient-HeartbeatExecutor-5] com.netflix.discovery.DiscoveryClient : DiscoveryClient_UNIEAP-ESB/Caiqiufu:unieap-esb:8100 - Re-registering apps/UNIEAP-ESB
2019-05-05 18:07:16,042 INFO  [DiscoveryClient-HeartbeatExecutor-5] com.netflix.discovery.DiscoveryClient : DiscoveryClient_UNIEAP-ESB/Caiqiufu:unieap-esb:8100: registering service...
2019-05-05 18:07:16,042 INFO  [DiscoveryClient-HeartbeatExecutor-4] com.netflix.discovery.DiscoveryClient : DiscoveryClient_UNIEAP-ESB/Caiqiufu:unieap-esb:8100 - registration status: 204
2019-05-05 18:07:17,942 INFO  [DiscoveryClient-HeartbeatExecutor-5] com.netflix.discovery.DiscoveryClient : DiscoveryClient_UNIEAP-ESB/Caiqiufu:unieap-esb:8100 - registration status: 204
2019-05-05 18:08:23,192 INFO  [DiscoveryClient-HeartbeatExecutor-6] com.netflix.discovery.DiscoveryClient : DiscoveryClient_UNIEAP-ESB/Caiqiufu:unieap-esb:8100 - Re-registering apps/UNIEAP-ESB
2019-05-05 18:08:32,206 INFO  [DiscoveryClient-HeartbeatExecutor-6] com.netflix.discovery.DiscoveryClient : DiscoveryClient_UNIEAP-ESB/Caiqiufu:unieap-esb:8100: registering service...
2019-05-05 18:08:36,774 INFO  [DiscoveryClient-HeartbeatExecutor-7] com.netflix.discovery.DiscoveryClient : DiscoveryClient_UNIEAP-ESB/Caiqiufu:unieap-esb:8100 - Re-registering apps/UNIEAP-ESB
2019-05-05 18:08:38,501 INFO  [DiscoveryClient-HeartbeatExecutor-7] com.netflix.discovery.DiscoveryClient : DiscoveryClient_UNIEAP-ESB/Caiqiufu:unieap-esb:8100: registering service...
2019-05-05 18:08:41,541 INFO  [DiscoveryClient-HeartbeatExecutor-6] com.netflix.discovery.DiscoveryClient : DiscoveryClient_UNIEAP-ESB/Caiqiufu:unieap-esb:8100 - registration status: 204
2019-05-05 18:08:47,436 INFO  [DiscoveryClient-HeartbeatExecutor-7] com.netflix.discovery.DiscoveryClient : DiscoveryClient_UNIEAP-ESB/Caiqiufu:unieap-esb:8100 - registration status: 204
2019-05-05 18:09:03,843 INFO  [DiscoveryClient-HeartbeatExecutor-7] com.netflix.discovery.DiscoveryClient : DiscoveryClient_UNIEAP-ESB/Caiqiufu:unieap-esb:8100 - Re-registering apps/UNIEAP-ESB
2019-05-05 18:09:03,844 INFO  [DiscoveryClient-HeartbeatExecutor-7] com.netflix.discovery.DiscoveryClient : DiscoveryClient_UNIEAP-ESB/Caiqiufu:unieap-esb:8100: registering service...
2019-05-05 18:09:05,897 INFO  [DiscoveryClient-HeartbeatExecutor-7] com.netflix.discovery.DiscoveryClient : DiscoveryClient_UNIEAP-ESB/Caiqiufu:unieap-esb:8100 - registration status: 204
2019-05-05 18:09:32,486 INFO  [DiscoveryClient-HeartbeatExecutor-7] com.netflix.discovery.DiscoveryClient : DiscoveryClient_UNIEAP-ESB/Caiqiufu:unieap-esb:8100 - Re-registering apps/UNIEAP-ESB
2019-05-05 18:09:32,487 INFO  [DiscoveryClient-HeartbeatExecutor-7] com.netflix.discovery.DiscoveryClient : DiscoveryClient_UNIEAP-ESB/Caiqiufu:unieap-esb:8100: registering service...
2019-05-05 18:09:38,795 INFO  [DiscoveryClient-HeartbeatExecutor-7] com.netflix.discovery.DiscoveryClient : DiscoveryClient_UNIEAP-ESB/Caiqiufu:unieap-esb:8100 - registration status: 204
2019-05-05 18:10:44,142 INFO  [DiscoveryClient-HeartbeatExecutor-8] com.netflix.discovery.DiscoveryClient : DiscoveryClient_UNIEAP-ESB/Caiqiufu:unieap-esb:8100 - Re-registering apps/UNIEAP-ESB
2019-05-05 18:10:41,123 INFO  [AsyncResolver-bootstrap-executor-0] com.netflix.discovery.shared.resolver.aws.ConfigClusterResolver : Resolving eureka endpoints via configuration
2019-05-05 18:10:44,149 INFO  [DiscoveryClient-HeartbeatExecutor-8] com.netflix.discovery.DiscoveryClient : DiscoveryClient_UNIEAP-ESB/Caiqiufu:unieap-esb:8100: registering service...
2019-05-05 18:11:04,230 INFO  [DiscoveryClient-InstanceInfoReplicator-0] com.netflix.discovery.DiscoveryClient : DiscoveryClient_UNIEAP-ESB/Caiqiufu:unieap-esb:8100: registering service...
2019-05-05 18:11:25,694 ERROR [http-nio-8100-exec-38] com.sun.xml.internal.messaging.saaj.soap : SAAJ0511: Unable to create envelope from given source
2019-05-05 18:11:25,695 INFO  [DiscoveryClient-InstanceInfoReplicator-0] com.netflix.discovery.DiscoveryClient : DiscoveryClient_UNIEAP-ESB/Caiqiufu:unieap-esb:8100 - registration status: 204
2019-05-05 18:11:28,273 INFO  [DiscoveryClient-HeartbeatExecutor-8] com.netflix.discovery.DiscoveryClient : DiscoveryClient_UNIEAP-ESB/Caiqiufu:unieap-esb:8100 - registration status: 204
2019-05-05 18:11:28,275 INFO  [DiscoveryClient-HeartbeatExecutor-9] com.netflix.discovery.DiscoveryClient : DiscoveryClient_UNIEAP-ESB/Caiqiufu:unieap-esb:8100 - Re-registering apps/UNIEAP-ESB
2019-05-05 18:11:28,275 INFO  [DiscoveryClient-HeartbeatExecutor-9] com.netflix.discovery.DiscoveryClient : DiscoveryClient_UNIEAP-ESB/Caiqiufu:unieap-esb:8100: registering service...
2019-05-05 18:11:28,280 INFO  [DiscoveryClient-HeartbeatExecutor-9] com.netflix.discovery.DiscoveryClient : DiscoveryClient_UNIEAP-ESB/Caiqiufu:unieap-esb:8100 - registration status: 204
2019-05-05 18:11:47,122 INFO  [DiscoveryClient-HeartbeatExecutor-9] com.netflix.discovery.DiscoveryClient : DiscoveryClient_UNIEAP-ESB/Caiqiufu:unieap-esb:8100 - Re-registering apps/UNIEAP-ESB
2019-05-05 18:11:47,122 INFO  [DiscoveryClient-HeartbeatExecutor-9] com.netflix.discovery.DiscoveryClient : DiscoveryClient_UNIEAP-ESB/Caiqiufu:unieap-esb:8100: registering service...
2019-05-05 18:11:53,593 INFO  [DiscoveryClient-HeartbeatExecutor-9] com.netflix.discovery.DiscoveryClient : DiscoveryClient_UNIEAP-ESB/Caiqiufu:unieap-esb:8100 - registration status: 204
2019-05-05 18:12:30,106 INFO  [DiscoveryClient-HeartbeatExecutor-10] com.netflix.discovery.DiscoveryClient : DiscoveryClient_UNIEAP-ESB/Caiqiufu:unieap-esb:8100 - Re-registering apps/UNIEAP-ESB
2019-05-05 18:12:33,160 INFO  [DiscoveryClient-HeartbeatExecutor-10] com.netflix.discovery.DiscoveryClient : DiscoveryClient_UNIEAP-ESB/Caiqiufu:unieap-esb:8100: registering service...
2019-05-05 18:12:36,166 INFO  [DiscoveryClient-InstanceInfoReplicator-0] com.netflix.discovery.DiscoveryClient : DiscoveryClient_UNIEAP-ESB/Caiqiufu:unieap-esb:8100: registering service...
2019-05-05 18:12:39,227 INFO  [DiscoveryClient-InstanceInfoReplicator-0] com.netflix.discovery.DiscoveryClient : DiscoveryClient_UNIEAP-ESB/Caiqiufu:unieap-esb:8100 - registration status: 204
2019-05-05 18:12:39,229 INFO  [DiscoveryClient-HeartbeatExecutor-10] com.netflix.discovery.DiscoveryClient : DiscoveryClient_UNIEAP-ESB/Caiqiufu:unieap-esb:8100 - registration status: 204
2019-05-05 18:13:24,008 INFO  [DiscoveryClient-HeartbeatExecutor-11] com.netflix.discovery.DiscoveryClient : DiscoveryClient_UNIEAP-ESB/Caiqiufu:unieap-esb:8100 - Re-registering apps/UNIEAP-ESB
2019-05-05 18:13:24,008 INFO  [DiscoveryClient-HeartbeatExecutor-11] com.netflix.discovery.DiscoveryClient : DiscoveryClient_UNIEAP-ESB/Caiqiufu:unieap-esb:8100: registering service...
2019-05-05 18:13:31,682 INFO  [DiscoveryClient-HeartbeatExecutor-11] com.netflix.discovery.DiscoveryClient : DiscoveryClient_UNIEAP-ESB/Caiqiufu:unieap-esb:8100 - registration status: 204
2019-05-05 18:13:31,683 INFO  [DiscoveryClient-HeartbeatExecutor-12] com.netflix.discovery.DiscoveryClient : DiscoveryClient_UNIEAP-ESB/Caiqiufu:unieap-esb:8100 - Re-registering apps/UNIEAP-ESB
2019-05-05 18:13:31,684 INFO  [DiscoveryClient-HeartbeatExecutor-12] com.netflix.discovery.DiscoveryClient : DiscoveryClient_UNIEAP-ESB/Caiqiufu:unieap-esb:8100: registering service...
2019-05-05 18:13:31,792 INFO  [DiscoveryClient-HeartbeatExecutor-12] com.netflix.discovery.DiscoveryClient : DiscoveryClient_UNIEAP-ESB/Caiqiufu:unieap-esb:8100 - registration status: 204
2019-05-05 18:15:10,464 INFO  [DiscoveryClient-HeartbeatExecutor-12] com.netflix.discovery.DiscoveryClient : DiscoveryClient_UNIEAP-ESB/Caiqiufu:unieap-esb:8100 - Re-registering apps/UNIEAP-ESB
2019-05-05 18:15:10,465 INFO  [DiscoveryClient-HeartbeatExecutor-12] com.netflix.discovery.DiscoveryClient : DiscoveryClient_UNIEAP-ESB/Caiqiufu:unieap-esb:8100: registering service...
2019-05-05 18:15:12,117 INFO  [DiscoveryClient-InstanceInfoReplicator-0] com.netflix.discovery.DiscoveryClient : DiscoveryClient_UNIEAP-ESB/Caiqiufu:unieap-esb:8100: registering service...
2019-05-05 18:15:32,322 INFO  [DiscoveryClient-HeartbeatExecutor-12] com.netflix.discovery.DiscoveryClient : DiscoveryClient_UNIEAP-ESB/Caiqiufu:unieap-esb:8100 - registration status: 204
2019-05-05 18:15:32,585 INFO  [DiscoveryClient-InstanceInfoReplicator-0] com.netflix.discovery.DiscoveryClient : DiscoveryClient_UNIEAP-ESB/Caiqiufu:unieap-esb:8100 - registration status: 204
2019-05-05 18:16:04,651 INFO  [AsyncResolver-bootstrap-executor-0] com.netflix.discovery.shared.resolver.aws.ConfigClusterResolver : Resolving eureka endpoints via configuration
2019-05-05 18:16:54,016 INFO  [DiscoveryClient-HeartbeatExecutor-13] com.netflix.discovery.DiscoveryClient : DiscoveryClient_UNIEAP-ESB/Caiqiufu:unieap-esb:8100 - Re-registering apps/UNIEAP-ESB
2019-05-05 18:16:54,017 INFO  [DiscoveryClient-HeartbeatExecutor-13] com.netflix.discovery.DiscoveryClient : DiscoveryClient_UNIEAP-ESB/Caiqiufu:unieap-esb:8100: registering service...
2019-05-05 18:17:00,064 INFO  [DiscoveryClient-HeartbeatExecutor-13] com.netflix.discovery.DiscoveryClient : DiscoveryClient_UNIEAP-ESB/Caiqiufu:unieap-esb:8100 - registration status: 204
2019-05-05 18:17:15,400 INFO  [DiscoveryClient-HeartbeatExecutor-14] com.netflix.discovery.DiscoveryClient : DiscoveryClient_UNIEAP-ESB/Caiqiufu:unieap-esb:8100 - Re-registering apps/UNIEAP-ESB
2019-05-05 18:17:15,401 INFO  [DiscoveryClient-HeartbeatExecutor-14] com.netflix.discovery.DiscoveryClient : DiscoveryClient_UNIEAP-ESB/Caiqiufu:unieap-esb:8100: registering service...
2019-05-05 18:17:15,401 INFO  [DiscoveryClient-InstanceInfoReplicator-0] com.netflix.discovery.DiscoveryClient : DiscoveryClient_UNIEAP-ESB/Caiqiufu:unieap-esb:8100: registering service...
2019-05-05 18:17:26,055 INFO  [DiscoveryClient-HeartbeatExecutor-14] com.netflix.discovery.DiscoveryClient : DiscoveryClient_UNIEAP-ESB/Caiqiufu:unieap-esb:8100 - registration status: 204
2019-05-05 18:17:26,056 INFO  [DiscoveryClient-InstanceInfoReplicator-0] com.netflix.discovery.DiscoveryClient : DiscoveryClient_UNIEAP-ESB/Caiqiufu:unieap-esb:8100 - registration status: 204
2019-05-05 18:19:08,185 INFO  [DiscoveryClient-HeartbeatExecutor-14] com.netflix.discovery.DiscoveryClient : DiscoveryClient_UNIEAP-ESB/Caiqiufu:unieap-esb:8100 - Re-registering apps/UNIEAP-ESB
2019-05-05 18:19:08,187 INFO  [DiscoveryClient-HeartbeatExecutor-14] com.netflix.discovery.DiscoveryClient : DiscoveryClient_UNIEAP-ESB/Caiqiufu:unieap-esb:8100: registering service...
2019-05-05 18:19:09,803 INFO  [DiscoveryClient-HeartbeatExecutor-14] com.netflix.discovery.DiscoveryClient : DiscoveryClient_UNIEAP-ESB/Caiqiufu:unieap-esb:8100 - registration status: 204
2019-05-05 18:21:19,199 INFO  [AsyncResolver-bootstrap-executor-0] com.netflix.discovery.shared.resolver.aws.ConfigClusterResolver : Resolving eureka endpoints via configuration
2019-05-05 18:26:10,191 INFO  [DiscoveryClient-HeartbeatExecutor-17] com.netflix.discovery.DiscoveryClient : DiscoveryClient_UNIEAP-ESB/Caiqiufu:unieap-esb:8100 - Re-registering apps/UNIEAP-ESB
2019-05-05 18:26:10,192 INFO  [DiscoveryClient-HeartbeatExecutor-17] com.netflix.discovery.DiscoveryClient : DiscoveryClient_UNIEAP-ESB/Caiqiufu:unieap-esb:8100: registering service...
2019-05-05 18:26:26,457 INFO  [AsyncResolver-bootstrap-executor-0] com.netflix.discovery.shared.resolver.aws.ConfigClusterResolver : Resolving eureka endpoints via configuration
2019-05-05 18:26:44,154 INFO  [DiscoveryClient-InstanceInfoReplicator-0] com.netflix.discovery.DiscoveryClient : DiscoveryClient_UNIEAP-ESB/Caiqiufu:unieap-esb:8100: registering service...
2019-05-05 18:26:48,226 INFO  [DiscoveryClient-HeartbeatExecutor-17] com.netflix.discovery.DiscoveryClient : DiscoveryClient_UNIEAP-ESB/Caiqiufu:unieap-esb:8100 - registration status: 204
2019-05-05 18:26:57,961 INFO  [DiscoveryClient-InstanceInfoReplicator-0] com.netflix.discovery.DiscoveryClient : DiscoveryClient_UNIEAP-ESB/Caiqiufu:unieap-esb:8100 - registration status: 204
2019-05-05 18:28:02,870 INFO  [DiscoveryClient-HeartbeatExecutor-17] com.netflix.discovery.DiscoveryClient : DiscoveryClient_UNIEAP-ESB/Caiqiufu:unieap-esb:8100 - Re-registering apps/UNIEAP-ESB
2019-05-05 18:28:02,870 INFO  [DiscoveryClient-HeartbeatExecutor-17] com.netflix.discovery.DiscoveryClient : DiscoveryClient_UNIEAP-ESB/Caiqiufu:unieap-esb:8100: registering service...
2019-05-05 18:28:07,430 INFO  [DiscoveryClient-HeartbeatExecutor-17] com.netflix.discovery.DiscoveryClient : DiscoveryClient_UNIEAP-ESB/Caiqiufu:unieap-esb:8100 - registration status: 204
2019-05-05 18:28:20,020 INFO  [DiscoveryClient-HeartbeatExecutor-19] com.netflix.discovery.DiscoveryClient : DiscoveryClient_UNIEAP-ESB/Caiqiufu:unieap-esb:8100 - Re-registering apps/UNIEAP-ESB
2019-05-05 18:28:20,021 INFO  [DiscoveryClient-HeartbeatExecutor-19] com.netflix.discovery.DiscoveryClient : DiscoveryClient_UNIEAP-ESB/Caiqiufu:unieap-esb:8100: registering service...
2019-05-05 18:28:27,877 INFO  [DiscoveryClient-HeartbeatExecutor-19] com.netflix.discovery.DiscoveryClient : DiscoveryClient_UNIEAP-ESB/Caiqiufu:unieap-esb:8100 - registration status: 204
2019-05-05 18:29:21,291 INFO  [DiscoveryClient-HeartbeatExecutor-20] com.netflix.discovery.DiscoveryClient : DiscoveryClient_UNIEAP-ESB/Caiqiufu:unieap-esb:8100 - Re-registering apps/UNIEAP-ESB
2019-05-05 18:29:21,292 INFO  [DiscoveryClient-HeartbeatExecutor-20] com.netflix.discovery.DiscoveryClient : DiscoveryClient_UNIEAP-ESB/Caiqiufu:unieap-esb:8100: registering service...
2019-05-05 18:29:27,377 INFO  [DiscoveryClient-HeartbeatExecutor-21] com.netflix.discovery.DiscoveryClient : DiscoveryClient_UNIEAP-ESB/Caiqiufu:unieap-esb:8100 - Re-registering apps/UNIEAP-ESB
2019-05-05 18:29:27,377 INFO  [DiscoveryClient-HeartbeatExecutor-21] com.netflix.discovery.DiscoveryClient : DiscoveryClient_UNIEAP-ESB/Caiqiufu:unieap-esb:8100: registering service...
2019-05-05 18:29:27,382 INFO  [DiscoveryClient-HeartbeatExecutor-20] com.netflix.discovery.DiscoveryClient : DiscoveryClient_UNIEAP-ESB/Caiqiufu:unieap-esb:8100 - registration status: 204
2019-05-05 18:29:27,386 INFO  [DiscoveryClient-InstanceInfoReplicator-0] com.netflix.discovery.DiscoveryClient : DiscoveryClient_UNIEAP-ESB/Caiqiufu:unieap-esb:8100: registering service...
2019-05-05 18:29:33,507 INFO  [DiscoveryClient-HeartbeatExecutor-21] com.netflix.discovery.DiscoveryClient : DiscoveryClient_UNIEAP-ESB/Caiqiufu:unieap-esb:8100 - registration status: 204
2019-05-05 18:29:33,508 INFO  [DiscoveryClient-InstanceInfoReplicator-0] com.netflix.discovery.DiscoveryClient : DiscoveryClient_UNIEAP-ESB/Caiqiufu:unieap-esb:8100 - registration status: 204
2019-05-05 18:31:45,875 INFO  [AsyncResolver-bootstrap-executor-0] com.netflix.discovery.shared.resolver.aws.ConfigClusterResolver : Resolving eureka endpoints via configuration
2019-05-05 18:31:54,109 INFO  [DiscoveryClient-HeartbeatExecutor-23] com.netflix.discovery.DiscoveryClient : DiscoveryClient_UNIEAP-ESB/Caiqiufu:unieap-esb:8100 - Re-registering apps/UNIEAP-ESB
2019-05-05 18:31:58,069 INFO  [DiscoveryClient-HeartbeatExecutor-23] com.netflix.discovery.DiscoveryClient : DiscoveryClient_UNIEAP-ESB/Caiqiufu:unieap-esb:8100: registering service...
2019-05-05 18:32:02,208 INFO  [DiscoveryClient-HeartbeatExecutor-24] com.netflix.discovery.DiscoveryClient : DiscoveryClient_UNIEAP-ESB/Caiqiufu:unieap-esb:8100 - Re-registering apps/UNIEAP-ESB
2019-05-05 18:32:02,208 INFO  [DiscoveryClient-HeartbeatExecutor-24] com.netflix.discovery.DiscoveryClient : DiscoveryClient_UNIEAP-ESB/Caiqiufu:unieap-esb:8100: registering service...
2019-05-05 18:32:04,393 INFO  [DiscoveryClient-HeartbeatExecutor-23] com.netflix.discovery.DiscoveryClient : DiscoveryClient_UNIEAP-ESB/Caiqiufu:unieap-esb:8100 - registration status: 204
2019-05-05 18:32:04,394 INFO  [DiscoveryClient-HeartbeatExecutor-24] com.netflix.discovery.DiscoveryClient : DiscoveryClient_UNIEAP-ESB/Caiqiufu:unieap-esb:8100 - registration status: 204
2019-05-05 18:32:32,631 INFO  [DiscoveryClient-HeartbeatExecutor-24] com.netflix.discovery.DiscoveryClient : DiscoveryClient_UNIEAP-ESB/Caiqiufu:unieap-esb:8100 - Re-registering apps/UNIEAP-ESB
2019-05-05 18:32:32,631 INFO  [DiscoveryClient-HeartbeatExecutor-24] com.netflix.discovery.DiscoveryClient : DiscoveryClient_UNIEAP-ESB/Caiqiufu:unieap-esb:8100: registering service...
2019-05-05 18:32:37,231 INFO  [DiscoveryClient-HeartbeatExecutor-24] com.netflix.discovery.DiscoveryClient : DiscoveryClient_UNIEAP-ESB/Caiqiufu:unieap-esb:8100 - registration status: 204
2019-05-05 18:33:38,837 INFO  [DiscoveryClient-HeartbeatExecutor-26] com.netflix.discovery.DiscoveryClient : DiscoveryClient_UNIEAP-ESB/Caiqiufu:unieap-esb:8100 - Re-registering apps/UNIEAP-ESB
2019-05-05 18:33:40,430 INFO  [DiscoveryClient-HeartbeatExecutor-26] com.netflix.discovery.DiscoveryClient : DiscoveryClient_UNIEAP-ESB/Caiqiufu:unieap-esb:8100: registering service...
2019-05-05 18:33:29,617 INFO  [DiscoveryClient-HeartbeatExecutor-25] com.netflix.discovery.DiscoveryClient : DiscoveryClient_UNIEAP-ESB/Caiqiufu:unieap-esb:8100 - Re-registering apps/UNIEAP-ESB
2019-05-05 18:33:42,003 INFO  [DiscoveryClient-HeartbeatExecutor-25] com.netflix.discovery.DiscoveryClient : DiscoveryClient_UNIEAP-ESB/Caiqiufu:unieap-esb:8100: registering service...
2019-05-05 18:33:42,012 INFO  [DiscoveryClient-HeartbeatExecutor-25] com.netflix.discovery.DiscoveryClient : DiscoveryClient_UNIEAP-ESB/Caiqiufu:unieap-esb:8100 - registration status: 204
2019-05-05 18:33:54,392 INFO  [DiscoveryClient-HeartbeatExecutor-26] com.netflix.discovery.DiscoveryClient : DiscoveryClient_UNIEAP-ESB/Caiqiufu:unieap-esb:8100 - registration status: 204
2019-05-05 18:34:08,252 INFO  [DiscoveryClient-HeartbeatExecutor-27] com.netflix.discovery.DiscoveryClient : DiscoveryClient_UNIEAP-ESB/Caiqiufu:unieap-esb:8100 - Re-registering apps/UNIEAP-ESB
2019-05-05 18:34:08,252 INFO  [DiscoveryClient-HeartbeatExecutor-27] com.netflix.discovery.DiscoveryClient : DiscoveryClient_UNIEAP-ESB/Caiqiufu:unieap-esb:8100: registering service...
2019-05-05 18:34:09,818 INFO  [DiscoveryClient-HeartbeatExecutor-27] com.netflix.discovery.DiscoveryClient : DiscoveryClient_UNIEAP-ESB/Caiqiufu:unieap-esb:8100 - registration status: 204
2019-05-05 20:08:21,494 INFO  [DiscoveryClient-HeartbeatExecutor-28] com.netflix.discovery.DiscoveryClient : DiscoveryClient_UNIEAP-ESB/Caiqiufu:unieap-esb:8100 - Re-registering apps/UNIEAP-ESB
2019-05-05 20:08:21,497 INFO  [DiscoveryClient-HeartbeatExecutor-28] com.netflix.discovery.DiscoveryClient : DiscoveryClient_UNIEAP-ESB/Caiqiufu:unieap-esb:8100: registering service...
2019-05-05 20:08:27,919 INFO  [DiscoveryClient-HeartbeatExecutor-28] com.netflix.discovery.DiscoveryClient : DiscoveryClient_UNIEAP-ESB/Caiqiufu:unieap-esb:8100 - registration status: 204
2019-05-05 20:08:27,920 INFO  [DiscoveryClient-HeartbeatExecutor-29] com.netflix.discovery.DiscoveryClient : DiscoveryClient_UNIEAP-ESB/Caiqiufu:unieap-esb:8100 - Re-registering apps/UNIEAP-ESB
2019-05-05 20:08:27,921 INFO  [DiscoveryClient-HeartbeatExecutor-29] com.netflix.discovery.DiscoveryClient : DiscoveryClient_UNIEAP-ESB/Caiqiufu:unieap-esb:8100: registering service...
2019-05-05 20:08:27,925 WARN  [HikariPool-1 housekeeper] com.zaxxer.hikari.pool.HikariPool : HikariPool-1 - Thread starvation or clock leap detected (housekeeper delta=1h32m16s338ms574s932ns).
2019-05-05 20:08:32,063 INFO  [AsyncResolver-bootstrap-executor-0] com.netflix.discovery.shared.resolver.aws.ConfigClusterResolver : Resolving eureka endpoints via configuration
2019-05-05 20:08:32,064 INFO  [DiscoveryClient-HeartbeatExecutor-29] com.netflix.discovery.DiscoveryClient : DiscoveryClient_UNIEAP-ESB/Caiqiufu:unieap-esb:8100 - registration status: 204
